sos_api/app/build/intermediates/manifest_merge_blame_file/debug/manifest-merger-blame-debug-report.txt
1<?xml version="1.0" encoding="utf-8"?>
2<manifest xmlns:android="http://schemas.android.com/apk/res/android"
3    package="com.example.sos_api"
4    android:versionCode="1"
5    android:versionName="1.0" >
6
7    <uses-sdk
8        android:minSdkVersion="15"
8-->src\main\AndroidManifest.xml
9        android:targetSdkVersion="29" />
9-->src\main\AndroidManifest.xml
10
11    <uses-permission android:name="android.permission.INTERNET" />
11-->src\main\AndroidManifest.xml:5:5-67
11-->src\main\AndroidManifest.xml:5:22-64
12    <uses-permission android:name="android.permission.ACCESS_FINE_LOCATION" />
12-->src\main\AndroidManifest.xml:6:5-79
12-->src\main\AndroidManifest.xml:6:22-76
13    <uses-permission android:name="android.permission. ACCESS_COARSE_LOCATION" />
13-->src\main\AndroidManifest.xml:7:5-82
13-->src\main\AndroidManifest.xml:7:22-79
14    <uses-permission android:name="android.permission.SEND_SMS" />
14-->src\main\AndroidManifest.xml:8:5-66
14-->src\main\AndroidManifest.xml:8:22-64
15    <uses-permission android:name="com.google.android.c2dm.permission.RECEIVE" />
15-->src\main\AndroidManifest.xml:9:5-82
15-->src\main\AndroidManifest.xml:9:22-79
16    <uses-permission android:name="android.permission.WAKE_LOCK" />
16-->src\main\AndroidManifest.xml:10:5-68
16-->src\main\AndroidManifest.xml:10:22-65
17
18    <application
18-->src\main\AndroidManifest.xml:12:5-28:19
19        android:allowBackup="true"
19-->src\main\AndroidManifest.xml:13:9-35
20        android:appComponentFactory="androidx.core.app.CoreComponentFactory"
20-->[androidx.core:core:1.0.1] AndroidManifest.xml:22:18-86
21        android:debuggable="true"
22        android:icon="@mipmap/ic_launcher"
22-->src\main\AndroidManifest.xml:14:9-43
23        android:label="@string/app_name"
23-->src\main\AndroidManifest.xml:15:9-41
24        android:roundIcon="@mipmap/ic_launcher_round"
24-->src\main\AndroidManifest.xml:16:9-54
25        android:supportsRtl="true"
25-->src\main\AndroidManifest.xml:17:9-35
26        android:theme="@style/AppTheme" >
26-->src\main\AndroidManifest.xml:18:9-40
27        <activity android:name="com.example.sos_api.profile" />
27-->src\main\AndroidManifest.xml:19:9-54
27-->src\main\AndroidManifest.xml:19:19-42
28        <activity android:name="com.example.sos_api.login_activityy" />
28-->src\main\AndroidManifest.xml:20:9-53
28-->src\main\AndroidManifest.xml:20:19-50
29        <activity android:name="com.example.sos_api.MainActivity" >
29-->src\main\AndroidManifest.xml:21:9-27:20
29-->src\main\AndroidManifest.xml:21:19-47
30            <intent-filter>
30-->src\main\AndroidManifest.xml:22:13-26:29
31                <action android:name="android.intent.action.MAIN" />
31-->src\main\AndroidManifest.xml:23:17-69
31-->src\main\AndroidManifest.xml:23:25-66
32
33                <category android:name="android.intent.category.LAUNCHER" />
33-->src\main\AndroidManifest.xml:25:17-77
33-->src\main\AndroidManifest.xml:25:27-74
34            </intent-filter>
35        </activity>
36        <activity
36-->[com.google.android.gms:play-services-base:17.0.0] AndroidManifest.xml:23:9-26:75
37            android:name="com.google.android.gms.common.api.GoogleApiActivity"
37-->[com.google.android.gms:play-services-base:17.0.0] AndroidManifest.xml:24:13-79
38            android:exported="false"
38-->[com.google.android.gms:play-services-base:17.0.0] AndroidManifest.xml:25:13-37
39            android:theme="@android:style/Theme.Translucent.NoTitleBar" />
39-->[com.google.android.gms:play-services-base:17.0.0] AndroidManifest.xml:26:13-72
40
41        <meta-data
41-->[com.google.android.gms:play-services-basement:17.0.0] AndroidManifest.xml:23:9-25:69
42            android:name="com.google.android.gms.version"
42-->[com.google.android.gms:play-services-basement:17.0.0] AndroidManifest.xml:24:13-58
43            android:value="@integer/google_play_services_version" />
43-->[com.google.android.gms:play-services-basement:17.0.0] AndroidManifest.xml:25:13-66
44    </application>
45
46</manifest>